生成启动时间为 2015/9/13 15:10:42。
     1>项目“I:\CS\人脸\人脸检测\实验\FD\FaceDetection\FaceDetection\FaceDetection.vcxproj”在节点 2 上(rebuild 个目标)。
     1>InitializeBuildStatus:
         正在创建“x64\Release\FaceDetection.unsuccessfulbuild”，因为已指定“AlwaysCreate”。
       ClCompile:
         c:\Program Files (x86)\Microsoft Visual Studio 10.0\VC\bin\x86_amd64\CL.exe /c /Zi /nologo /W3 /WX- /O2 /Oi /Oy- /GL /D WIN32 /D _WINDOWS /D NDEBUG /Gm- /EHsc /MT /GS /Gy /fp:precise /Zc:wchar_t /Zc:forScope /Yc"StdAfx.h" /Fp"x64\Release\FaceDetection.pch" /Fo"x64\Release\\" /Fd"x64\Release\vc100.pdb" /Gd /TP /errorReport:prompt stdafx.cpp
         stdafx.cpp
         c:\Program Files (x86)\Microsoft Visual Studio 10.0\VC\bin\x86_amd64\CL.exe /c /Zi /nologo /W3 /WX- /O2 /Oi /Oy- /GL /D WIN32 /D _WINDOWS /D NDEBUG /Gm- /EHsc /MT /GS /Gy /fp:precise /Zc:wchar_t /Zc:forScope /Fo"x64\Release\\" /Fd"x64\Release\vc100.pdb" /Gd /TP /errorReport:prompt AdaBoostClassifier.cpp CascadeClassifier.cpp FaceDetection.cpp FaceDetectionDoc.cpp FaceDetectionView.cpp FDImage.cpp Global.cpp MainFrm.cpp SimpleClassifier.cpp WeakClassifier.cpp
         AdaBoostClassifier.cpp
     1>AdaBoostClassifier.cpp(48): warning C4267: “参数”: 从“size_t”转换到“const int”，可能丢失数据
     1>AdaBoostClassifier.cpp(67): warning C4267: “=”: 从“size_t”转换到“int”，可能丢失数据
     1>AdaBoostClassifier.cpp(180): warning C4267: “=”: 从“size_t”转换到“int”，可能丢失数据
     1>AdaBoostClassifier.cpp(227): warning C4800: “int”: 将值强制为布尔值“true”或“false”(性能警告)
     1>AdaBoostClassifier.cpp(266): warning C4267: “初始化”: 从“size_t”转换到“int”，可能丢失数据
     1>AdaBoostClassifier.cpp(305): warning C4800: “int”: 将值强制为布尔值“true”或“false”(性能警告)
         CascadeClassifier.cpp
     1>CascadeClassifier.cpp(235): warning C4244: “初始化”: 从“REAL”转换到“int”，可能丢失数据
     1>CascadeClassifier.cpp(236): warning C4244: “初始化”: 从“REAL”转换到“int”，可能丢失数据
     1>CascadeClassifier.cpp(251): warning C4244: “参数”: 从“REAL”转换到“int”，可能丢失数据
     1>CascadeClassifier.cpp(251): warning C4244: “参数”: 从“REAL”转换到“int”，可能丢失数据
     1>CascadeClassifier.cpp(251): warning C4244: “参数”: 从“REAL”转换到“int”，可能丢失数据
     1>CascadeClassifier.cpp(251): warning C4244: “参数”: 从“REAL”转换到“int”，可能丢失数据
     1>CascadeClassifier.cpp(354): warning C4267: “return”: 从“size_t”转换到“int”，可能丢失数据
     1>CascadeClassifier.cpp(370): warning C4267: “初始化”: 从“size_t”转换到“unsigned int”，可能丢失数据
     1>CascadeClassifier.cpp(373): warning C4267: “初始化”: 从“size_t”转换到“unsigned int”，可能丢失数据
     1>CascadeClassifier.cpp(396): warning C4267: “初始化”: 从“size_t”转换到“unsigned int”，可能丢失数据
     1>CascadeClassifier.cpp(406): warning C4267: “初始化”: 从“size_t”转换到“int”，可能丢失数据
     1>CascadeClassifier.cpp(418): warning C4267: “初始化”: 从“size_t”转换到“int”，可能丢失数据
     1>CascadeClassifier.cpp(421): warning C4267: “初始化”: 从“size_t”转换到“int”，可能丢失数据
     1>CascadeClassifier.cpp(424): warning C4267: “初始化”: 从“size_t”转换到“unsigned int”，可能丢失数据
     1>CascadeClassifier.cpp(447): warning C4267: “初始化”: 从“size_t”转换到“unsigned int”，可能丢失数据
     1>CascadeClassifier.cpp(581): warning C4267: “=”: 从“size_t”转换到“int”，可能丢失数据
         FaceDetection.cpp
         FaceDetectionDoc.cpp
         FaceDetectionView.cpp
     1>FaceDetectionView.cpp(319): warning C4996: 'sprintf': This function or variable may be unsafe. Consider using sprintf_s instead. To disable deprecation, use _CRT_SECURE_NO_WARNINGS. See online help for details.
                 c:\Program Files (x86)\Microsoft Visual Studio 10.0\VC\include\stdio.h(371) : 参见“sprintf”的声明
     1>FaceDetectionView.cpp(345): warning C4996: 'sprintf': This function or variable may be unsafe. Consider using sprintf_s instead. To disable deprecation, use _CRT_SECURE_NO_WARNINGS. See online help for details.
                 c:\Program Files (x86)\Microsoft Visual Studio 10.0\VC\include\stdio.h(371) : 参见“sprintf”的声明
         FDImage.cpp
     1>e:\software\opencv\build\include\opencv2\flann\logger.h(66): warning C4996: 'fopen': This function or variable may be unsafe. Consider using fopen_s instead. To disable deprecation, use _CRT_SECURE_NO_WARNINGS. See online help for details.
                 c:\Program Files (x86)\Microsoft Visual Studio 10.0\VC\include\stdio.h(234) : 参见“fopen”的声明
         Global.cpp
     1>e:\software\opencv\build\include\opencv2\flann\logger.h(66): warning C4996: 'fopen': This function or variable may be unsafe. Consider using fopen_s instead. To disable deprecation, use _CRT_SECURE_NO_WARNINGS. See online help for details.
                 c:\Program Files (x86)\Microsoft Visual Studio 10.0\VC\include\stdio.h(234) : 参见“fopen”的声明
     1>Global.cpp(426): warning C4267: “=”: 从“size_t”转换到“int”，可能丢失数据
     1>Global.cpp(430): warning C4267: “=”: 从“size_t”转换到“int”，可能丢失数据
     1>Global.cpp(512): warning C4244: “初始化”: 从“double”转换到“size_t”，可能丢失数据
     1>Global.cpp(846): warning C4996: '_strtime': This function or variable may be unsafe. Consider using _strtime_s instead. To disable deprecation, use _CRT_SECURE_NO_WARNINGS. See online help for details.
                 c:\Program Files (x86)\Microsoft Visual Studio 10.0\VC\include\time.h(181) : 参见“_strtime”的声明
     1>Global.cpp(867): warning C4996: '_strtime': This function or variable may be unsafe. Consider using _strtime_s instead. To disable deprecation, use _CRT_SECURE_NO_WARNINGS. See online help for details.
                 c:\Program Files (x86)\Microsoft Visual Studio 10.0\VC\include\time.h(181) : 参见“_strtime”的声明
         MainFrm.cpp
         SimpleClassifier.cpp
         WeakClassifier.cpp
       ResourceCompile:
         C:\Program Files (x86)\Microsoft SDKs\Windows\v7.0A\bin\rc.exe /D NDEBUG /l"0x0804" /Ix64\Release\ /nologo /fo"x64\Release\FaceDetection.res" FaceDetection.rc 
       ManifestResourceCompile:
         C:\Program Files (x86)\Microsoft SDKs\Windows\v7.0A\bin\rc.exe /nologo /fo"x64\Release\FaceDetection.exe.embed.manifest.res" x64\Release\FaceDetection_manifest.rc 
       Link:
         c:\Program Files (x86)\Microsoft Visual Studio 10.0\VC\bin\x86_amd64\link.exe /ERRORREPORT:PROMPT /OUT:"I:\CS\人脸\人脸检测\实验\FD\FaceDetection\x64\Release\FaceDetection.exe" /INCREMENTAL /NOLOGO opencv_core249.lib opencv_highgui249.lib winmm.lib /MANIFEST /ManifestFile:"x64\Release\FaceDetection.exe.intermediate.manifest" /ALLOWISOLATION:NO /MANIFESTUAC:"level='asInvoker' uiAccess='false'" /DEBUG /PDB:"I:\CS\人脸\人脸检测\实验\FD\FaceDetection\x64\Release\FaceDetection.pdb" /SUBSYSTEM:WINDOWS /OPT:REF /OPT:ICF /LTCG /TLBID:1 /DYNAMICBASE /NXCOMPAT /IMPLIB:"I:\CS\人脸\人脸检测\实验\FD\FaceDetection\x64\Release\FaceDetection.lib" /MACHINE:X64 x64\Release\FaceDetection.res
         x64\Release\FaceDetection.exe.embed.manifest.res
         x64\Release\AdaBoostClassifier.obj
         x64\Release\CascadeClassifier.obj
         x64\Release\FaceDetection.obj
         x64\Release\FaceDetectionDoc.obj
         x64\Release\FaceDetectionView.obj
         x64\Release\FDImage.obj
         x64\Release\Global.obj
         x64\Release\MainFrm.obj
         x64\Release\stdafx.obj
         x64\Release\SimpleClassifier.obj
         x64\Release\WeakClassifier.obj
     1>LINK : warning LNK4075: 忽略“/INCREMENTAL”(由于“/LTCG”规范)
         正在生成代码
     1>i:\cs\人脸\人脸检测\实验\fd\facedetection\facedetection\cascadeclassifier.cpp(560): warning C4715: “CascadeClassifier::BoostingNegativeSet”: 不是所有的控件路径都返回值
     1>i:\cs\人脸\人脸检测\实验\fd\facedetection\facedetection\cascadeclassifier.cpp(485): warning C4715: “CascadeClassifier::BoostingPositiveSet”: 不是所有的控件路径都返回值
         已完成代码的生成
         FaceDetection.vcxproj -> I:\CS\人脸\人脸检测\实验\FD\FaceDetection\x64\Release\FaceDetection.exe
       Manifest:
         正在删除文件“x64\Release\FaceDetection.exe.embed.manifest”。
         C:\Program Files (x86)\Microsoft SDKs\Windows\v7.0A\bin\mt.exe /nologo /verbose /out:"x64\Release\FaceDetection.exe.embed.manifest" /manifest x64\Release\FaceDetection.exe.intermediate.manifest "c:\Program Files (x86)\Microsoft Visual Studio 10.0\VC\Include\Manifest\dpiaware.manifest"
         C:\Program Files (x86)\Microsoft SDKs\Windows\v7.0A\bin\rc.exe /nologo /fo"x64\Release\FaceDetection.exe.embed.manifest.res" x64\Release\FaceDetection_manifest.rc 
       LinkEmbedManifest:
         c:\Program Files (x86)\Microsoft Visual Studio 10.0\VC\bin\x86_amd64\link.exe /ERRORREPORT:PROMPT /OUT:"I:\CS\人脸\人脸检测\实验\FD\FaceDetection\x64\Release\FaceDetection.exe" /INCREMENTAL /NOLOGO opencv_core249.lib opencv_highgui249.lib winmm.lib /MANIFEST /ManifestFile:"x64\Release\FaceDetection.exe.intermediate.manifest" /ALLOWISOLATION:NO /MANIFESTUAC:"level='asInvoker' uiAccess='false'" /DEBUG /PDB:"I:\CS\人脸\人脸检测\实验\FD\FaceDetection\x64\Release\FaceDetection.pdb" /SUBSYSTEM:WINDOWS /OPT:REF /OPT:ICF /LTCG /TLBID:1 /DYNAMICBASE /NXCOMPAT /IMPLIB:"I:\CS\人脸\人脸检测\实验\FD\FaceDetection\x64\Release\FaceDetection.lib" /MACHINE:X64 x64\Release\FaceDetection.res
         x64\Release\FaceDetection.exe.embed.manifest.res
         x64\Release\AdaBoostClassifier.obj
         x64\Release\CascadeClassifier.obj
         x64\Release\FaceDetection.obj
         x64\Release\FaceDetectionDoc.obj
         x64\Release\FaceDetectionView.obj
         x64\Release\FDImage.obj
         x64\Release\Global.obj
         x64\Release\MainFrm.obj
         x64\Release\stdafx.obj
         x64\Release\SimpleClassifier.obj
         x64\Release\WeakClassifier.obj
     1>LINK : warning LNK4075: 忽略“/INCREMENTAL”(由于“/LTCG”规范)
         正在生成代码
     1>i:\cs\人脸\人脸检测\实验\fd\facedetection\facedetection\cascadeclassifier.cpp(560): warning C4715: “CascadeClassifier::BoostingNegativeSet”: 不是所有的控件路径都返回值
     1>i:\cs\人脸\人脸检测\实验\fd\facedetection\facedetection\cascadeclassifier.cpp(485): warning C4715: “CascadeClassifier::BoostingPositiveSet”: 不是所有的控件路径都返回值
         已完成代码的生成
         FaceDetection.vcxproj -> I:\CS\人脸\人脸检测\实验\FD\FaceDetection\x64\Release\FaceDetection.exe
       FinalizeBuildStatus:
         正在删除文件“x64\Release\FaceDetection.unsuccessfulbuild”。
         正在对“x64\Release\FaceDetection.lastbuildstate”执行 Touch 任务。
     1>已完成生成项目“I:\CS\人脸\人脸检测\实验\FD\FaceDetection\FaceDetection\FaceDetection.vcxproj”(rebuild 个目标)的操作。

生成成功。

已用时间 00:01:12.51
