G:\FaceDetection\\x86\Release\FaceDetection.exe
G:\FaceDetection\\x86\Release\FaceDetection.pdb
G:\FACEDETECTION\FACEDETECTION\X86\RELEASE\ADABOOSTCLASSIFIER.OBJ
G:\FACEDETECTION\FACEDETECTION\X86\RELEASE\CASCADECLASSIFIER.OBJ
G:\FaceDetection\FaceDetection\x86\Release\cl.command.1.tlog
G:\FaceDetection\FaceDetection\x86\Release\CL.read.1.tlog
G:\FaceDetection\FaceDetection\x86\Release\CL.write.1.tlog
G:\FACEDETECTION\FACEDETECTION\X86\RELEASE\FACEDETECTION.EXE.EMBED.MANIFEST
G:\FACEDETECTION\FACEDETECTION\X86\RELEASE\FACEDETECTION.EXE.EMBED.MANIFEST.RES
G:\FACEDETECTION\FACEDETECTION\X86\RELEASE\FACEDETECTION.EXE.INTERMEDIATE.MANIFEST
G:\FACEDETECTION\FACEDETECTION\X86\RELEASE\FACEDETECTION.OBJ
G:\FACEDETECTION\FACEDETECTION\X86\RELEASE\FACEDETECTION.PCH
G:\FACEDETECTION\FACEDETECTION\X86\RELEASE\FACEDETECTION.RES
G:\FaceDetection\FaceDetection\x86\Release\FaceDetection.write.1.tlog
G:\FaceDetection\FaceDetection\x86\Release\FaceDetection_manifest.rc
G:\FACEDETECTION\FACEDETECTION\X86\RELEASE\FACEDETECTIONDOC.OBJ
G:\FACEDETECTION\FACEDETECTION\X86\RELEASE\FACEDETECTIONVIEW.OBJ
G:\FACEDETECTION\FACEDETECTION\X86\RELEASE\FDIMAGE.OBJ
G:\FACEDETECTION\FACEDETECTION\X86\RELEASE\GLOBAL.OBJ
G:\FaceDetection\FaceDetection\x86\Release\link.command.1.tlog
G:\FaceDetection\FaceDetection\x86\Release\link.read.1.tlog
G:\FaceDetection\FaceDetection\x86\Release\link.write.1.tlog
G:\FaceDetection\FaceDetection\x86\Release\link-cvtres.read.1.tlog
G:\FaceDetection\FaceDetection\x86\Release\link-cvtres.write.1.tlog
G:\FACEDETECTION\FACEDETECTION\X86\RELEASE\MAINFRM.OBJ
G:\FaceDetection\FaceDetection\x86\Release\mt.command.1.tlog
G:\FaceDetection\FaceDetection\x86\Release\mt.read.1.tlog
G:\FaceDetection\FaceDetection\x86\Release\mt.write.1.tlog
G:\FaceDetection\FaceDetection\x86\Release\rc.command.1.tlog
G:\FaceDetection\FaceDetection\x86\Release\rc.read.1.tlog
G:\FaceDetection\FaceDetection\x86\Release\rc.write.1.tlog
G:\FACEDETECTION\FACEDETECTION\X86\RELEASE\SIMPLECLASSIFIER.OBJ
G:\FACEDETECTION\FACEDETECTION\X86\RELEASE\STDAFX.OBJ
G:\FACEDETECTION\FACEDETECTION\X86\RELEASE\VC100.PDB
G:\FACEDETECTION\FACEDETECTION\X86\RELEASE\WEAKCLASSIFIER.OBJ
G:\FACEDETECTION\X86\RELEASE\FACEDETECTION.EXE
G:\FACEDETECTION\X86\RELEASE\FACEDETECTION.PDB
